<?xml version="1.0" encoding="UTF-8"?>
<testsuite name="TamagotchiTest" tests="6" skipped="0" failures="0" errors="0" timestamp="2016-02-16T22:12:48" hostname="epicodus-50.local" time="0.003">
  <properties/>
  <testcase name="feedTamagotchi_foodLevelIncramentsWhenFed_9" classname="TamagotchiTest" time="0.001"/>
  <testcase name="tamagotchi_instantiatesCorrectly" classname="TamagotchiTest" time="0.0"/>
  <testcase name="napTamagotchi_sleepLevelIncramentsWhenNapped_9" classname="TamagotchiTest" time="0.0"/>
  <testcase name="isAlive_foodLevelAbove0_true" classname="TamagotchiTest" time="0.0"/>
  <testcase name="timePasses_foodDecreasesByOne_9" classname="TamagotchiTest" time="0.001"/>
  <testcase name="playTamagotchi_activityLevelIncramentsWhenPlayed_9" classname="TamagotchiTest" time="0.0"/>
  <system-out><![CDATA[]]></system-out>
  <system-err><![CDATA[]]></system-err>
</testsuite>
